2026-01-31 19:53:54 - rag_app - ERROR - [main.py:1364] - ✗ Failed to initialize document cache service: Unknown storage backend: s3 # options: local, s3
2026-01-31 20:18:25 - rag_app - ERROR - [main.py:1364] - ✗ Failed to initialize document cache service: Unknown storage backend: s3 # options: local, s3
2026-01-31 20:20:02 - rag_app - ERROR - [main.py:1364] - ✗ Failed to initialize document cache service: Unknown storage backend: s3 # options: local, s3
2026-01-31 22:30:35 - rag_app - ERROR - [main.py:1364] - ✗ Failed to initialize document cache service: Unknown storage backend: s3 # options: local, s3
2026-02-10 22:26:10 - rag_app - ERROR - [main.py:1364] - ✗ Failed to initialize document cache service: Unknown storage backend: s3 # options: local, s3
2026-02-10 22:30:43 - rag_app.docling_service - ERROR - [docling_service.py:54] - Docling conversion failed: Conversion failed for: Understanding_Climate_Change(1).pdf with status: ConversionStatus.FAILURE. Errors: Page 1: Unable to create tensor, you should probably activate padding with 'padding=True' to have batched tensors with the same length.; Page 2: Unable to create tensor, you should probably activate padding with 'padding=True' to have batched tensors with the same length.; Page 3: Unable to create tensor, you should probably activate padding with 'padding=True' to have batched tensors with the same length.; Page 4: Unable to create tensor, you should probably activate padding with 'padding=True' to have batched tensors with the same length.; Page 5: Unable to create tensor, you should probably activate padding with 'padding=True' to have batched tensors with the same length.; Page 6: Unable to create tensor, you should probably activate padding with 'padding=True' to have batched tensors with the same length.; Page 7: Unable to create tensor, you should probably activate padding with 'padding=True' to have batched tensors with the same length.; Page 8: Unable to create tensor, you should probably activate padding with 'padding=True' to have batched tensors with the same length.; Page 9: Unable to create tensor, you should probably activate padding with 'padding=True' to have batched tensors with the same length.; Page 10: Unable to create tensor, you should probably activate padding with 'padding=True' to have batched tensors with the same length.; Page 11: Unable to create tensor, you should probably activate padding with 'padding=True' to have batched tensors with the same length.; Page 12: Unable to create tensor, you should probably activate padding with 'padding=True' to have batched tensors with the same length.; Page 13: Unable to create tensor, you should probably activate padding with 'padding=True' to have batched tensors with the same length.; Page 14: Unable to create tensor, you should probably activate padding with 'padding=True' to have batched tensors with the same length.; Page 15: Unable to create tensor, you should probably activate padding with 'padding=True' to have batched tensors with the same length.; Page 16: Unable to create tensor, you should probably activate padding with 'padding=True' to have batched tensors with the same length.; Page 17: Unable to create tensor, you should probably activate padding with 'padding=True' to have batched tensors with the same length.; Page 18: Unable to create tensor, you should probably activate padding with 'padding=True' to have batched tensors with the same length.; Page 19: Unable to create tensor, you should probably activate padding with 'padding=True' to have batched tensors with the same length.; Page 20: Unable to create tensor, you should probably activate padding with 'padding=True' to have batched tensors with the same length.; Page 21: Unable to create tensor, you should probably activate padding with 'padding=True' to have batched tensors with the same length.; Page 22: Unable to create tensor, you should probably activate padding with 'padding=True' to have batched tensors with the same length.; Page 23: Unable to create tensor, you should probably activate padding with 'padding=True' to have batched tensors with the same length.; Page 24: Unable to create tensor, you should probably activate padding with 'padding=True' to have batched tensors with the same length.; Page 25: Unable to create tensor, you should probably activate padding with 'padding=True' to have batched tensors with the same length.; Page 26: Unable to create tensor, you should probably activate padding with 'padding=True' to have batched tensors with the same length.; Page 27: Unable to create tensor, you should probably activate padding with 'padding=True' to have batched tensors with the same length.; Page 28: Unable to create tensor, you should probably activate padding with 'padding=True' to have batched tensors with the same length.; Page 29: Unable to create tensor, you should probably activate padding with 'padding=True' to have batched tensors with the same length.; Page 30: Unable to create tensor, you should probably activate padding with 'padding=True' to have batched tensors with the same length.; Page 31: Unable to create tensor, you should probably activate padding with 'padding=True' to have batched tensors with the same length.; Page 32: Unable to create tensor, you should probably activate padding with 'padding=True' to have batched tensors with the same length.; Page 33: Unable to create tensor, you should probably activate padding with 'padding=True' to have batched tensors with the same length.
2026-02-10 22:30:44 - rag_app.docling_service - ERROR - [docling_service.py:254] - Docling processing failed for Understanding_Climate_Change(1).pdf: Failed to convert document with Docling: Conversion failed for: Understanding_Climate_Change(1).pdf with status: ConversionStatus.FAILURE. Errors: Page 1: Unable to create tensor, you should probably activate padding with 'padding=True' to have batched tensors with the same length.; Page 2: Unable to create tensor, you should probably activate padding with 'padding=True' to have batched tensors with the same length.; Page 3: Unable to create tensor, you should probably activate padding with 'padding=True' to have batched tensors with the same length.; Page 4: Unable to create tensor, you should probably activate padding with 'padding=True' to have batched tensors with the same length.; Page 5: Unable to create tensor, you should probably activate padding with 'padding=True' to have batched tensors with the same length.; Page 6: Unable to create tensor, you should probably activate padding with 'padding=True' to have batched tensors with the same length.; Page 7: Unable to create tensor, you should probably activate padding with 'padding=True' to have batched tensors with the same length.; Page 8: Unable to create tensor, you should probably activate padding with 'padding=True' to have batched tensors with the same length.; Page 9: Unable to create tensor, you should probably activate padding with 'padding=True' to have batched tensors with the same length.; Page 10: Unable to create tensor, you should probably activate padding with 'padding=True' to have batched tensors with the same length.; Page 11: Unable to create tensor, you should probably activate padding with 'padding=True' to have batched tensors with the same length.; Page 12: Unable to create tensor, you should probably activate padding with 'padding=True' to have batched tensors with the same length.; Page 13: Unable to create tensor, you should probably activate padding with 'padding=True' to have batched tensors with the same length.; Page 14: Unable to create tensor, you should probably activate padding with 'padding=True' to have batched tensors with the same length.; Page 15: Unable to create tensor, you should probably activate padding with 'padding=True' to have batched tensors with the same length.; Page 16: Unable to create tensor, you should probably activate padding with 'padding=True' to have batched tensors with the same length.; Page 17: Unable to create tensor, you should probably activate padding with 'padding=True' to have batched tensors with the same length.; Page 18: Unable to create tensor, you should probably activate padding with 'padding=True' to have batched tensors with the same length.; Page 19: Unable to create tensor, you should probably activate padding with 'padding=True' to have batched tensors with the same length.; Page 20: Unable to create tensor, you should probably activate padding with 'padding=True' to have batched tensors with the same length.; Page 21: Unable to create tensor, you should probably activate padding with 'padding=True' to have batched tensors with the same length.; Page 22: Unable to create tensor, you should probably activate padding with 'padding=True' to have batched tensors with the same length.; Page 23: Unable to create tensor, you should probably activate padding with 'padding=True' to have batched tensors with the same length.; Page 24: Unable to create tensor, you should probably activate padding with 'padding=True' to have batched tensors with the same length.; Page 25: Unable to create tensor, you should probably activate padding with 'padding=True' to have batched tensors with the same length.; Page 26: Unable to create tensor, you should probably activate padding with 'padding=True' to have batched tensors with the same length.; Page 27: Unable to create tensor, you should probably activate padding with 'padding=True' to have batched tensors with the same length.; Page 28: Unable to create tensor, you should probably activate padding with 'padding=True' to have batched tensors with the same length.; Page 29: Unable to create tensor, you should probably activate padding with 'padding=True' to have batched tensors with the same length.; Page 30: Unable to create tensor, you should probably activate padding with 'padding=True' to have batched tensors with the same length.; Page 31: Unable to create tensor, you should probably activate padding with 'padding=True' to have batched tensors with the same length.; Page 32: Unable to create tensor, you should probably activate padding with 'padding=True' to have batched tensors with the same length.; Page 33: Unable to create tensor, you should probably activate padding with 'padding=True' to have batched tensors with the same length.
2026-02-10 22:30:46 - rag_app.document_service - ERROR - [document_service.py:328] - Docling failed unexpectedly, falling back to semantic chunking: Failed to process document with Docling: Failed to convert document with Docling: Conversion failed for: Understanding_Climate_Change(1).pdf with status: ConversionStatus.FAILURE. Errors: Page 1: Unable to create tensor, you should probably activate padding with 'padding=True' to have batched tensors with the same length.; Page 2: Unable to create tensor, you should probably activate padding with 'padding=True' to have batched tensors with the same length.; Page 3: Unable to create tensor, you should probably activate padding with 'padding=True' to have batched tensors with the same length.; Page 4: Unable to create tensor, you should probably activate padding with 'padding=True' to have batched tensors with the same length.; Page 5: Unable to create tensor, you should probably activate padding with 'padding=True' to have batched tensors with the same length.; Page 6: Unable to create tensor, you should probably activate padding with 'padding=True' to have batched tensors with the same length.; Page 7: Unable to create tensor, you should probably activate padding with 'padding=True' to have batched tensors with the same length.; Page 8: Unable to create tensor, you should probably activate padding with 'padding=True' to have batched tensors with the same length.; Page 9: Unable to create tensor, you should probably activate padding with 'padding=True' to have batched tensors with the same length.; Page 10: Unable to create tensor, you should probably activate padding with 'padding=True' to have batched tensors with the same length.; Page 11: Unable to create tensor, you should probably activate padding with 'padding=True' to have batched tensors with the same length.; Page 12: Unable to create tensor, you should probably activate padding with 'padding=True' to have batched tensors with the same length.; Page 13: Unable to create tensor, you should probably activate padding with 'padding=True' to have batched tensors with the same length.; Page 14: Unable to create tensor, you should probably activate padding with 'padding=True' to have batched tensors with the same length.; Page 15: Unable to create tensor, you should probably activate padding with 'padding=True' to have batched tensors with the same length.; Page 16: Unable to create tensor, you should probably activate padding with 'padding=True' to have batched tensors with the same length.; Page 17: Unable to create tensor, you should probably activate padding with 'padding=True' to have batched tensors with the same length.; Page 18: Unable to create tensor, you should probably activate padding with 'padding=True' to have batched tensors with the same length.; Page 19: Unable to create tensor, you should probably activate padding with 'padding=True' to have batched tensors with the same length.; Page 20: Unable to create tensor, you should probably activate padding with 'padding=True' to have batched tensors with the same length.; Page 21: Unable to create tensor, you should probably activate padding with 'padding=True' to have batched tensors with the same length.; Page 22: Unable to create tensor, you should probably activate padding with 'padding=True' to have batched tensors with the same length.; Page 23: Unable to create tensor, you should probably activate padding with 'padding=True' to have batched tensors with the same length.; Page 24: Unable to create tensor, you should probably activate padding with 'padding=True' to have batched tensors with the same length.; Page 25: Unable to create tensor, you should probably activate padding with 'padding=True' to have batched tensors with the same length.; Page 26: Unable to create tensor, you should probably activate padding with 'padding=True' to have batched tensors with the same length.; Page 27: Unable to create tensor, you should probably activate padding with 'padding=True' to have batched tensors with the same length.; Page 28: Unable to create tensor, you should probably activate padding with 'padding=True' to have batched tensors with the same length.; Page 29: Unable to create tensor, you should probably activate padding with 'padding=True' to have batched tensors with the same length.; Page 30: Unable to create tensor, you should probably activate padding with 'padding=True' to have batched tensors with the same length.; Page 31: Unable to create tensor, you should probably activate padding with 'padding=True' to have batched tensors with the same length.; Page 32: Unable to create tensor, you should probably activate padding with 'padding=True' to have batched tensors with the same length.; Page 33: Unable to create tensor, you should probably activate padding with 'padding=True' to have batched tensors with the same length.
2026-02-10 22:34:52 - rag_app - ERROR - [main.py:1364] - ✗ Failed to initialize document cache service: Unknown storage backend: s3 # options: local, s3
2026-02-11 00:04:13 - rag_app - ERROR - [main.py:1402] - Failed to initialize RAG services: Unknown storage backend: s3 # options: local, s3
Traceback (most recent call last):
  File "/Users/admin/Desktop/Personal/Rag-System-design/app/main.py", line 1394, in initialize_services
    advanced_rag_service = AdvancedRAGPipelineService(
                           ^^^^^^^^^^^^^^^^^^^^^^^^^^^
  File "/Users/admin/Desktop/Personal/Rag-System-design/app/services/advanced_rag_pipeline_service.py", line 38, in __init__
    self.bm25_service = BM25Service()
                        ^^^^^^^^^^^^^
  File "/Users/admin/Desktop/Personal/Rag-System-design/app/services/bm25_service.py", line 27, in __init__
    self.cache_service = cache_service or CacheService()
                                          ^^^^^^^^^^^^^^
  File "/Users/admin/Desktop/Personal/Rag-System-design/app/services/cache_service.py", line 56, in __init__
    raise ValueError(f"Unknown storage backend: {backend_type}")
ValueError: Unknown storage backend: s3 # options: local, s3
2026-02-11 00:04:17 - rag_app - ERROR - [main.py:1429] - ✗ Failed to initialize document cache service: Unknown storage backend: s3 # options: local, s3
2026-02-11 00:11:56 - rag_app - ERROR - [main.py:1402] - Failed to initialize RAG services: Unknown storage backend: s3 # options: local, s3
Traceback (most recent call last):
  File "/Users/admin/Desktop/Personal/Rag-System-design/app/main.py", line 1394, in initialize_services
    advanced_rag_service = AdvancedRAGPipelineService(
                           ^^^^^^^^^^^^^^^^^^^^^^^^^^^
  File "/Users/admin/Desktop/Personal/Rag-System-design/app/services/advanced_rag_pipeline_service.py", line 40, in __init__
    self.bm25_service = BM25Service()
                        ^^^^^^^^^^^^^
  File "/Users/admin/Desktop/Personal/Rag-System-design/app/services/bm25_service.py", line 27, in __init__
    self.cache_service = cache_service or CacheService()
                                          ^^^^^^^^^^^^^^
  File "/Users/admin/Desktop/Personal/Rag-System-design/app/services/cache_service.py", line 56, in __init__
    raise ValueError(f"Unknown storage backend: {backend_type}")
ValueError: Unknown storage backend: s3 # options: local, s3
2026-02-11 00:11:57 - rag_app - ERROR - [main.py:1429] - ✗ Failed to initialize document cache service: Unknown storage backend: s3 # options: local, s3
2026-02-11 00:13:58 - rag_app - ERROR - [main.py:1402] - Failed to initialize RAG services: Unknown storage backend: s3 # options: local, s3
Traceback (most recent call last):
  File "/Users/admin/Desktop/Personal/Rag-System-design/app/main.py", line 1394, in initialize_services
    advanced_rag_service = AdvancedRAGPipelineService(
                           ^^^^^^^^^^^^^^^^^^^^^^^^^^^
  File "/Users/admin/Desktop/Personal/Rag-System-design/app/services/advanced_rag_pipeline_service.py", line 40, in __init__
    self.bm25_service = BM25Service()
                        ^^^^^^^^^^^^^
  File "/Users/admin/Desktop/Personal/Rag-System-design/app/services/bm25_service.py", line 27, in __init__
    self.cache_service = cache_service or CacheService()
                                          ^^^^^^^^^^^^^^
  File "/Users/admin/Desktop/Personal/Rag-System-design/app/services/cache_service.py", line 56, in __init__
    raise ValueError(f"Unknown storage backend: {backend_type}")
ValueError: Unknown storage backend: s3 # options: local, s3
2026-02-11 00:13:58 - rag_app - ERROR - [main.py:1429] - ✗ Failed to initialize document cache service: Unknown storage backend: s3 # options: local, s3
2026-02-11 00:14:50 - rag_app - ERROR - [main.py:1402] - Failed to initialize RAG services: Unknown storage backend: s3 # options: local, s3
Traceback (most recent call last):
  File "/Users/admin/Desktop/Personal/Rag-System-design/app/main.py", line 1394, in initialize_services
    advanced_rag_service = AdvancedRAGPipelineService(
                           ^^^^^^^^^^^^^^^^^^^^^^^^^^^
  File "/Users/admin/Desktop/Personal/Rag-System-design/app/services/advanced_rag_pipeline_service.py", line 40, in __init__
    self.bm25_service = BM25Service()
                        ^^^^^^^^^^^^^
  File "/Users/admin/Desktop/Personal/Rag-System-design/app/services/bm25_service.py", line 27, in __init__
    self.cache_service = cache_service or CacheService()
                                          ^^^^^^^^^^^^^^
  File "/Users/admin/Desktop/Personal/Rag-System-design/app/services/cache_service.py", line 56, in __init__
    raise ValueError(f"Unknown storage backend: {backend_type}")
ValueError: Unknown storage backend: s3 # options: local, s3
2026-02-11 00:14:50 - rag_app - ERROR - [main.py:1429] - ✗ Failed to initialize document cache service: Unknown storage backend: s3 # options: local, s3
2026-02-11 00:19:55 - rag_app - ERROR - [main.py:1402] - Failed to initialize RAG services: Unknown storage backend: s3 # options: local, s3
Traceback (most recent call last):
  File "/Users/admin/Desktop/Personal/Rag-System-design/app/main.py", line 1394, in initialize_services
    advanced_rag_service = AdvancedRAGPipelineService(
                           ^^^^^^^^^^^^^^^^^^^^^^^^^^^
  File "/Users/admin/Desktop/Personal/Rag-System-design/app/services/advanced_rag_pipeline_service.py", line 40, in __init__
    self.bm25_service = BM25Service()
                        ^^^^^^^^^^^^^
  File "/Users/admin/Desktop/Personal/Rag-System-design/app/services/bm25_service.py", line 27, in __init__
    self.cache_service = cache_service or CacheService()
                                          ^^^^^^^^^^^^^^
  File "/Users/admin/Desktop/Personal/Rag-System-design/app/services/cache_service.py", line 56, in __init__
    raise ValueError(f"Unknown storage backend: {backend_type}")
ValueError: Unknown storage backend: s3 # options: local, s3
2026-02-11 00:19:55 - rag_app - ERROR - [main.py:1429] - ✗ Failed to initialize document cache service: Unknown storage backend: s3 # options: local, s3
2026-02-11 00:25:49 - rag_app - ERROR - [main.py:1402] - Failed to initialize RAG services: Unknown storage backend: s3 # options: local, s3
Traceback (most recent call last):
  File "/Users/admin/Desktop/Personal/Rag-System-design/app/main.py", line 1394, in initialize_services
    advanced_rag_service = AdvancedRAGPipelineService(
                           ^^^^^^^^^^^^^^^^^^^^^^^^^^^
  File "/Users/admin/Desktop/Personal/Rag-System-design/app/services/advanced_rag_pipeline_service.py", line 40, in __init__
    self.bm25_service = BM25Service()
                        ^^^^^^^^^^^^^
  File "/Users/admin/Desktop/Personal/Rag-System-design/app/services/bm25_service.py", line 27, in __init__
    self.cache_service = cache_service or CacheService()
                                          ^^^^^^^^^^^^^^
  File "/Users/admin/Desktop/Personal/Rag-System-design/app/services/cache_service.py", line 56, in __init__
    raise ValueError(f"Unknown storage backend: {backend_type}")
ValueError: Unknown storage backend: s3 # options: local, s3
2026-02-11 00:25:49 - rag_app - ERROR - [main.py:1429] - ✗ Failed to initialize document cache service: Unknown storage backend: s3 # options: local, s3
2026-02-11 00:28:35 - rag_app - ERROR - [main.py:1402] - Failed to initialize RAG services: Unknown storage backend: s3 # options: local, s3
Traceback (most recent call last):
  File "/Users/admin/Desktop/Personal/Rag-System-design/app/main.py", line 1394, in initialize_services
    advanced_rag_service = AdvancedRAGPipelineService(
                           ^^^^^^^^^^^^^^^^^^^^^^^^^^^
  File "/Users/admin/Desktop/Personal/Rag-System-design/app/services/advanced_rag_pipeline_service.py", line 40, in __init__
    self.bm25_service = BM25Service()
                        ^^^^^^^^^^^^^
  File "/Users/admin/Desktop/Personal/Rag-System-design/app/services/bm25_service.py", line 27, in __init__
    self.cache_service = cache_service or CacheService()
                                          ^^^^^^^^^^^^^^
  File "/Users/admin/Desktop/Personal/Rag-System-design/app/services/cache_service.py", line 56, in __init__
    raise ValueError(f"Unknown storage backend: {backend_type}")
ValueError: Unknown storage backend: s3 # options: local, s3
2026-02-11 00:28:35 - rag_app - ERROR - [main.py:1429] - ✗ Failed to initialize document cache service: Unknown storage backend: s3 # options: local, s3
2026-02-15 00:20:38 - rag_app - ERROR - [main.py:890] - Failed to initialize RAG services: name 'query_cache_service' is not defined
Traceback (most recent call last):
  File "/Users/admin/Desktop/Personal/Rag-System-design/app/main.py", line 877, in initialize_services
    query_cache_service=query_cache_service
                        ^^^^^^^^^^^^^^^^^^^
NameError: name 'query_cache_service' is not defined
2026-02-15 00:22:01 - rag_app - ERROR - [main.py:890] - Failed to initialize RAG services: name 'query_cache_service' is not defined
Traceback (most recent call last):
  File "/Users/admin/Desktop/Personal/Rag-System-design/app/main.py", line 877, in initialize_services
    query_cache_service=query_cache_service
                        ^^^^^^^^^^^^^^^^^^^
NameError: name 'query_cache_service' is not defined
2026-02-15 00:22:35 - rag_app - ERROR - [main.py:890] - Failed to initialize RAG services: name 'query_cache_service' is not defined
Traceback (most recent call last):
  File "/Users/admin/Desktop/Personal/Rag-System-design/app/main.py", line 877, in initialize_services
NameError: name 'query_cache_service' is not defined
2026-02-15 00:34:19 - rag_app - ERROR - [main.py:457] - Service initialization error: RAGService.__init__() got an unexpected keyword argument 'embedding_service'
2026-02-15 00:37:09 - rag_app - ERROR - [main.py:454] - Service initialization error: HybridSearchService.__init__() got an unexpected keyword argument 'settings'
